17:42:29 **** Incremental Build of configuration Debug for project EclipseProject ****
Info: Internal Builder is used for build
gcc -O0 -g3 -Wall -c -fmessage-length=0 -o main.o "..\\main.c" 
..\main.c:10:6: warning: return type of 'main' is not 'int' [-Wmain]
 void main(void){
      ^~~~
gcc -o EclipseProject.exe main.o 
17:43:58 **** Incremental Build of configuration Debug for project EclipseProject ****
Info: Internal Builder is used for build
gcc -o EclipseProject.exe main.o 
Info: Nothing to build for EclipseProject
Info: Nothing to build for EclipseProject
17:50:40 **** Incremental Build of configuration Debug for project EclipseProject ****
Info: Internal Builder is used for build
gcc -O0 -g3 -Wall -c -fmessage-length=0 -o main.o "..\\main.c" 
..\main.c:10:6: warning: return type of 'main' is not 'int' [-Wmain]
 void main(void){
      ^~~~
gcc -o EclipseProject.exe main.o 
17:59:42 **** Incremental Build of configuration Debug for project EclipseProject ****
Info: Internal Builder is used for build
gcc -O0 -g3 -Wall -c -fmessage-length=0 -o main.o "..\\main.c" 
..\main.c:10:6: warning: return type of 'main' is not 'int' [-Wmain]
 void main(void){
      ^~~~
gcc -o EclipseProject.exe main.o 
